This is pdfTeX, Version 3.14159265-2.6-1.40.19 (MiKTeX 2.9.6930 64-bit) (preloaded format=pdflatex 2019.1.29)  3 JUN 2019 11:33
entering extended mode
**"./Tarea 3_Rectificada.tex"
("Tarea 3_Rectificada.tex"
LaTeX2e <2018-12-01>
("C:\Program Files\MiKTeX 2.9\tex/latex/base\article.cls"
Document Class: article 2018/09/03 v1.4i Standard LaTeX document class
("C:\Program Files\MiKTeX 2.9\tex/latex/base\size10.clo"
File: size10.clo 2018/09/03 v1.4i Standard LaTeX file (size option)
)
\c@part=\count80
\c@section=\count81
\c@subsection=\count82
\c@subsubsection=\count83
\c@paragraph=\count84
\c@subparagraph=\count85
\c@figure=\count86
\c@table=\count87
\abovecaptionskip=\skip41
\belowcaptionskip=\skip42
\bibindent=\dimen102
)
("C:\Program Files\MiKTeX 2.9\tex/latex/base\inputenc.sty"
Package: inputenc 2018/08/11 v1.3c Input encoding file
\inpenc@prehook=\toks14
\inpenc@posthook=\toks15
)
("C:\Program Files\MiKTeX 2.9\tex/generic/babel\babel.sty"
Package: babel 2018/11/13 3.27 The Babel package

("C:\Program Files\MiKTeX 2.9\tex/generic/babel\switch.def"
File: switch.def 2018/11/13 3.27 Babel switching mechanism
)
*************************************
* Local config file bblopts.cfg used
*
("C:\Program Files\MiKTeX 2.9\tex/latex/arabi\bblopts.cfg"
File: bblopts.cfg 2005/09/08 v0.1 add Arabic and Farsi to "declared" options of
 babel
)
("C:\Program Files\MiKTeX 2.9\tex/latex/babel-spanish\spanish.ldf"
Language: spanish.ldf 2016/03/03 v5.0p Spanish support from the babel system

("C:\Program Files\MiKTeX 2.9\tex/generic/babel\babel.def"
File: babel.def 2018/11/13 3.27 Babel common definitions
\babel@savecnt=\count88
\U@D=\dimen103

("C:\Program Files\MiKTeX 2.9\tex/generic/babel\txtbabel.def")
\bbl@dirlevel=\count89
)
\es@quottoks=\toks16
\es@quotdepth=\count90
Package babel Info: Making " an active character on input line 561.
Package babel Info: Making . an active character on input line 662.
Package babel Info: Making < an active character on input line 707.
Package babel Info: Making > an active character on input line 707.
))
(C:\Users\lapi7\AppData\Roaming\MiKTeX\2.9\tex/latex/listings\listings.sty
("C:\Program Files\MiKTeX 2.9\tex/latex/graphics\keyval.sty"
Package: keyval 2014/10/28 v1.15 key=value parser (DPC)
\KV@toks@=\toks17
)
\lst@mode=\count91
\lst@gtempboxa=\box27
\lst@token=\toks18
\lst@length=\count92
\lst@currlwidth=\dimen104
\lst@column=\count93
\lst@pos=\count94
\lst@lostspace=\dimen105
\lst@width=\dimen106
\lst@newlines=\count95
\lst@lineno=\count96
\lst@maxwidth=\dimen107

(C:\Users\lapi7\AppData\Roaming\MiKTeX\2.9\tex/latex/listings\lstmisc.sty
File: lstmisc.sty 2018/09/02 1.7 (Carsten Heinz)
\c@lstnumber=\count97
\lst@skipnumbers=\count98
\lst@framebox=\box28
)
(C:\Users\lapi7\AppData\Roaming\MiKTeX\2.9\tex/latex/listings\listings.cfg
File: listings.cfg 2018/09/02 1.7 listings configuration
))
Package: listings 2018/09/02 1.7 (Carsten Heinz)

(C:\Users\lapi7\AppData\Roaming\MiKTeX\2.9\tex/latex/subfigure\subfigure.sty
Package: subfigure 2002/07/30 v2.1.4 subfigure package
\subfigtopskip=\skip43
\subfigcapskip=\skip44
\subfigcaptopadj=\dimen108
\subfigbottomskip=\skip45
\subfigcapmargin=\dimen109
\subfiglabelskip=\skip46
\c@subfigure=\count99
\c@lofdepth=\count100
\c@subtable=\count101
\c@lotdepth=\count102

****************************************
* Local config file subfigure.cfg used *
****************************************
(C:\Users\lapi7\AppData\Roaming\MiKTeX\2.9\tex/latex/subfigure\subfigure.cfg)
\subfig@top=\skip47
\subfig@bottom=\skip48
)
("C:\Program Files\MiKTeX 2.9\tex/latex/graphics\graphicx.sty"
Package: graphicx 2017/06/01 v1.1a Enhanced LaTeX Graphics (DPC,SPQR)

("C:\Program Files\MiKTeX 2.9\tex/latex/graphics\graphics.sty"
Package: graphics 2017/06/25 v1.2c Standard LaTeX Graphics (DPC,SPQR)

("C:\Program Files\MiKTeX 2.9\tex/latex/graphics\trig.sty"
Package: trig 2016/01/03 v1.10 sin cos tan (DPC)
)
("C:\Program Files\MiKTeX 2.9\tex/latex/graphics-cfg\graphics.cfg"
File: graphics.cfg 2016/06/04 v1.11 sample graphics configuration
)
Package graphics Info: Driver file: pdftex.def on input line 99.

("C:\Program Files\MiKTeX 2.9\tex/latex/graphics-def\pdftex.def"
File: pdftex.def 2018/01/08 v1.0l Graphics/color driver for pdftex
))
\Gin@req@height=\dimen110
\Gin@req@width=\dimen111
)
(C:\Users\lapi7\AppData\Roaming\MiKTeX\2.9\tex/latex/url\url.sty
\Urlmuskip=\muskip10
Package: url 2013/09/16  ver 3.4  Verb mode for urls, etc.
)
("C:\Program Files\MiKTeX 2.9\tex/latex/multirow\multirow.sty"
Package: multirow 2019/01/01 v2.4 Span multiple rows of a table
\multirow@colwidth=\skip49
\multirow@cntb=\count103
\multirow@dima=\skip50
\bigstrutjot=\dimen112
)
("C:\Program Files\MiKTeX 2.9\tex/latex/graphics\color.sty"
Package: color 2016/07/10 v1.1e Standard LaTeX Color (DPC)

("C:\Program Files\MiKTeX 2.9\tex/latex/graphics-cfg\color.cfg"
File: color.cfg 2016/01/02 v1.6 sample color configuration
)
Package color Info: Driver file: pdftex.def on input line 147.
)
(C:\Users\lapi7\AppData\Roaming\MiKTeX\2.9\tex/latex/booktabs\booktabs.sty
Package: booktabs 2005/04/14 v1.61803 publication quality tables
\heavyrulewidth=\dimen113
\lightrulewidth=\dimen114
\cmidrulewidth=\dimen115
\belowrulesep=\dimen116
\belowbottomsep=\dimen117
\aboverulesep=\dimen118
\abovetopsep=\dimen119
\cmidrulesep=\dimen120
\cmidrulekern=\dimen121
\defaultaddspace=\dimen122
\@cmidla=\count104
\@cmidlb=\count105
\@aboverulesep=\dimen123
\@belowrulesep=\dimen124
\@thisruleclass=\count106
\@lastruleclass=\count107
\@thisrulewidth=\dimen125
)
("C:\Program Files\MiKTeX 2.9\tex/latex/geometry\geometry.sty"
Package: geometry 2018/04/16 v5.8 Page Geometry

("C:\Program Files\MiKTeX 2.9\tex/generic/oberdiek\ifpdf.sty"
Package: ifpdf 2018/09/07 v3.3 Provides the ifpdf switch
)
("C:\Program Files\MiKTeX 2.9\tex/generic/oberdiek\ifvtex.sty"
Package: ifvtex 2016/05/16 v1.6 Detect VTeX and its facilities (HO)
Package ifvtex Info: VTeX not detected.
)
("C:\Program Files\MiKTeX 2.9\tex/generic/ifxetex\ifxetex.sty"
Package: ifxetex 2010/09/12 v0.6 Provides ifxetex conditional
)
\Gm@cnth=\count108
\Gm@cntv=\count109
\c@Gm@tempcnt=\count110
\Gm@bindingoffset=\dimen126
\Gm@wd@mp=\dimen127
\Gm@odd@mp=\dimen128
\Gm@even@mp=\dimen129
\Gm@layoutwidth=\dimen130
\Gm@layoutheight=\dimen131
\Gm@layouthoffset=\dimen132
\Gm@layoutvoffset=\dimen133
\Gm@dimlist=\toks19

("C:\Program Files\MiKTeX 2.9\tex/latex/geometry\geometry.cfg"))
(C:\Users\lapi7\AppData\Roaming\MiKTeX\2.9\tex/latex/listings\lstlang1.sty
File: lstlang1.sty 2018/09/02 1.7 listings language file
)
("Tarea 3_Rectificada.aux"
LaTeX Info: Redefining \. on input line 6.
LaTeX Info: Redefining \% on input line 6.
)
\openout1 = `"Tarea 3_Rectificada.aux"'.

LaTeX Font Info:    Checking defaults for OML/cmm/m/it on input line 52.
LaTeX Font Info:    ... okay on input line 52.
LaTeX Font Info:    Checking defaults for T1/cmr/m/n on input line 52.
LaTeX Font Info:    ... okay on input line 52.
LaTeX Font Info:    Checking defaults for OT1/cmr/m/n on input line 52.
LaTeX Font Info:    ... okay on input line 52.
LaTeX Font Info:    Checking defaults for OMS/cmsy/m/n on input line 52.
LaTeX Font Info:    ... okay on input line 52.
LaTeX Font Info:    Checking defaults for OMX/cmex/m/n on input line 52.
LaTeX Font Info:    ... okay on input line 52.
LaTeX Font Info:    Checking defaults for U/cmr/m/n on input line 52.
LaTeX Font Info:    ... okay on input line 52.
LaTeX Info: Redefining \. on input line 52.
LaTeX Info: Redefining \% on input line 52.
\c@lstlisting=\count111

(C:\Users\lapi7\AppData\Roaming\MiKTeX\2.9\tex/context/base\supp-pdf.mkii
[Loading MPS to PDF converter (version 2006.09.02).]
\scratchcounter=\count112
\scratchdimen=\dimen134
\scratchbox=\box29
\nofMPsegments=\count113
\nofMParguments=\count114
\everyMPshowfont=\toks20
\MPscratchCnt=\count115
\MPscratchDim=\dimen135
\MPnumerator=\count116
\makeMPintoPDFobject=\count117
\everyMPtoPDFconversion=\toks21
) ("C:\Program Files\MiKTeX 2.9\tex/latex/oberdiek\epstopdf-base.sty"
Package: epstopdf-base 2016/05/15 v2.6 Base part for package epstopdf

("C:\Program Files\MiKTeX 2.9\tex/generic/oberdiek\infwarerr.sty"
Package: infwarerr 2016/05/16 v1.4 Providing info/warning/error messages (HO)
)
("C:\Program Files\MiKTeX 2.9\tex/latex/oberdiek\grfext.sty"
Package: grfext 2016/05/16 v1.2 Manage graphics extensions (HO)

("C:\Program Files\MiKTeX 2.9\tex/generic/oberdiek\kvdefinekeys.sty"
Package: kvdefinekeys 2016/05/16 v1.4 Define keys (HO)

("C:\Program Files\MiKTeX 2.9\tex/generic/oberdiek\ltxcmds.sty"
Package: ltxcmds 2016/05/16 v1.23 LaTeX kernel commands for general use (HO)
)))
("C:\Program Files\MiKTeX 2.9\tex/latex/oberdiek\kvoptions.sty"
Package: kvoptions 2016/05/16 v3.12 Key value format for package options (HO)

("C:\Program Files\MiKTeX 2.9\tex/generic/oberdiek\kvsetkeys.sty"
Package: kvsetkeys 2016/05/16 v1.17 Key value parser (HO)

("C:\Program Files\MiKTeX 2.9\tex/generic/oberdiek\etexcmds.sty"
Package: etexcmds 2016/05/16 v1.6 Avoid name clashes with e-TeX commands (HO)

("C:\Program Files\MiKTeX 2.9\tex/generic/oberdiek\ifluatex.sty"
Package: ifluatex 2016/05/16 v1.4 Provides the ifluatex switch (HO)
Package ifluatex Info: LuaTeX not detected.
))))
("C:\Program Files\MiKTeX 2.9\tex/generic/oberdiek\pdftexcmds.sty"
Package: pdftexcmds 2018/09/10 v0.29 Utility functions of pdfTeX for LuaTeX (HO
)
Package pdftexcmds Info: LuaTeX not detected.
Package pdftexcmds Info: \pdf@primitive is available.
Package pdftexcmds Info: \pdf@ifprimitive is available.
Package pdftexcmds Info: \pdfdraftmode found.
)
Package epstopdf-base Info: Redefining graphics rule for `.eps' on input line 4
38.
Package grfext Info: Graphics extension search list:
(grfext)             [.pdf,.png,.jpg,.mps,.jpeg,.jbig2,.jb2,.PDF,.PNG,.JPG,.JPE
G,.JBIG2,.JB2,.eps]
(grfext)             \AppendGraphicsExtensions on input line 456.
)
*geometry* driver: auto-detecting
*geometry* detected driver: pdftex
*geometry* verbose mode - [ preamble ] result:
* driver: pdftex
* paper: <default>
* layout: <same size as paper>
* layoutoffset:(h,v)=(0.0pt,0.0pt)
* modes: twoside 
* h-part:(L,W,R)=(85.35826pt, 443.57848pt, 85.35826pt)
* v-part:(T,H,B)=(85.35826pt, 624.25346pt, 85.35826pt)
* \paperwidth=614.295pt
* \paperheight=794.96999pt
* \textwidth=443.57848pt
* \textheight=624.25346pt
* \oddsidemargin=13.08827pt
* \evensidemargin=13.08827pt
* \topmargin=-23.91173pt
* \headheight=12.0pt
* \headsep=25.0pt
* \topskip=10.0pt
* \footskip=30.0pt
* \marginparwidth=65.0pt
* \marginparsep=11.0pt
* \columnsep=10.0pt
* \skip\footins=9.0pt plus 4.0pt minus 2.0pt
* \hoffset=0.0pt
* \voffset=0.0pt
* \mag=1000
* \@twocolumnfalse
* \@twosidetrue
* \@mparswitchtrue
* \@reversemarginfalse
* (1in=72.27pt=25.4mm, 1cm=28.453pt)

LaTeX Font Info:    External font `cmex10' loaded for size
(Font)              <12> on input line 54.
LaTeX Font Info:    External font `cmex10' loaded for size
(Font)              <8> on input line 54.
LaTeX Font Info:    External font `cmex10' loaded for size
(Font)              <6> on input line 54.
(C:\Users\lapi7\AppData\Roaming\MiKTeX\2.9\tex/latex/listings\lstlang1.sty
File: lstlang1.sty 2018/09/02 1.7 listings language file
)
(codigomadre.py
LaTeX Font Info:    Try loading font information for OML+cmr on input line 16.
 ("C:\Program Files\MiKTeX 2.9\tex/latex/base\omlcmr.fd"
File: omlcmr.fd 2014/09/29 v2.5h Standard LaTeX font definitions
)
LaTeX Font Info:    Font shape `OML/cmr/m/n' in size <8> not available
(Font)              Font shape `OML/cmm/m/it' tried instead on input line 16.

[1

{C:/Users/lapi7/AppData/Local/MiKTeX/2.9/pdftex/config/pdftex.map}]) [2]
(codigomadre.py
LaTeX Font Info:    External font `cmex10' loaded for size
(Font)              <5> on input line 68.
 [3]) [4] (codigomadre.py
LaTeX Font Info:    Try loading font information for OMS+cmr on input line 172.


("C:\Program Files\MiKTeX 2.9\tex/latex/base\omscmr.fd"
File: omscmr.fd 2014/09/29 v2.5h Standard LaTeX font definitions
)
LaTeX Font Info:    Font shape `OMS/cmr/m/n' in size <8> not available
(Font)              Font shape `OMS/cmsy/m/n' tried instead on input line 172.
) (codigomadre.py
[5]) (Histogramas.py [6])
Package epstopdf Info: Source file: <Imagenes/Histograma1.eps>
(epstopdf)                    date: 2019-06-01 17:21:15
(epstopdf)                    size: 19993 bytes
(epstopdf)             Output file: <Imagenes/Histograma1-eps-converted-to.pdf>

(epstopdf)                    date: 2019-06-01 17:21:28
(epstopdf)                    size: 10755 bytes
(epstopdf)             Command: <epstopdf --outfile=Imagenes/Histograma1-eps-co
nverted-to.pdf Imagenes/Histograma1.eps>
(epstopdf)             \includegraphics on input line 118.
Package epstopdf Info: Output file is already uptodate.


pdfTeX warning: pdflatex (file ./Imagenes/Histograma1-eps-converted-to.pdf): PD
F inclusion: found PDF version <1.7>, but at most version <1.5> allowed
<Imagenes/Histograma1-eps-converted-to.pdf, id=29, 390.45876pt x 265.99374pt>
File: Imagenes/Histograma1-eps-converted-to.pdf Graphic file (type pdf)
<use Imagenes/Histograma1-eps-converted-to.pdf>
Package pdftex.def Info: Imagenes/Histograma1-eps-converted-to.pdf  used on inp
ut line 118.
(pdftex.def)             Requested size: 195.2289pt x 132.99654pt.
Package epstopdf Info: Source file: <Imagenes/Histograma2.eps>
(epstopdf)                    date: 2019-06-01 17:21:16
(epstopdf)                    size: 22048 bytes
(epstopdf)             Output file: <Imagenes/Histograma2-eps-converted-to.pdf>

(epstopdf)                    date: 2019-06-01 17:21:28
(epstopdf)                    size: 11516 bytes
(epstopdf)             Command: <epstopdf --outfile=Imagenes/Histograma2-eps-co
nverted-to.pdf Imagenes/Histograma2.eps>
(epstopdf)             \includegraphics on input line 119.
Package epstopdf Info: Output file is already uptodate.


pdfTeX warning: pdflatex (file ./Imagenes/Histograma2-eps-converted-to.pdf): PD
F inclusion: found PDF version <1.7>, but at most version <1.5> allowed
<Imagenes/Histograma2-eps-converted-to.pdf, id=30, 390.45876pt x 265.99374pt>
File: Imagenes/Histograma2-eps-converted-to.pdf Graphic file (type pdf)
<use Imagenes/Histograma2-eps-converted-to.pdf>
Package pdftex.def Info: Imagenes/Histograma2-eps-converted-to.pdf  used on inp
ut line 119.
(pdftex.def)             Requested size: 195.2289pt x 132.99654pt.
Package epstopdf Info: Source file: <Imagenes/Histograma3.eps>
(epstopdf)                    date: 2019-06-01 17:21:16
(epstopdf)                    size: 22478 bytes
(epstopdf)             Output file: <Imagenes/Histograma3-eps-converted-to.pdf>

(epstopdf)                    date: 2019-06-01 17:21:29
(epstopdf)                    size: 12431 bytes
(epstopdf)             Command: <epstopdf --outfile=Imagenes/Histograma3-eps-co
nverted-to.pdf Imagenes/Histograma3.eps>
(epstopdf)             \includegraphics on input line 120.
Package epstopdf Info: Output file is already uptodate.


pdfTeX warning: pdflatex (file ./Imagenes/Histograma3-eps-converted-to.pdf): PD
F inclusion: found PDF version <1.7>, but at most version <1.5> allowed
<Imagenes/Histograma3-eps-converted-to.pdf, id=31, 390.45876pt x 265.99374pt>
File: Imagenes/Histograma3-eps-converted-to.pdf Graphic file (type pdf)
<use Imagenes/Histograma3-eps-converted-to.pdf>
Package pdftex.def Info: Imagenes/Histograma3-eps-converted-to.pdf  used on inp
ut line 120.
(pdftex.def)             Requested size: 195.2289pt x 132.99654pt.
Package epstopdf Info: Source file: <Imagenes/Histograma4.eps>
(epstopdf)                    date: 2019-06-01 17:21:16
(epstopdf)                    size: 21700 bytes
(epstopdf)             Output file: <Imagenes/Histograma4-eps-converted-to.pdf>

(epstopdf)                    date: 2019-06-01 17:21:29
(epstopdf)                    size: 10822 bytes
(epstopdf)             Command: <epstopdf --outfile=Imagenes/Histograma4-eps-co
nverted-to.pdf Imagenes/Histograma4.eps>
(epstopdf)             \includegraphics on input line 121.
Package epstopdf Info: Output file is already uptodate.


pdfTeX warning: pdflatex (file ./Imagenes/Histograma4-eps-converted-to.pdf): PD
F inclusion: found PDF version <1.7>, but at most version <1.5> allowed
<Imagenes/Histograma4-eps-converted-to.pdf, id=32, 402.50375pt x 265.99374pt>
File: Imagenes/Histograma4-eps-converted-to.pdf Graphic file (type pdf)
<use Imagenes/Histograma4-eps-converted-to.pdf>
Package pdftex.def Info: Imagenes/Histograma4-eps-converted-to.pdf  used on inp
ut line 121.
(pdftex.def)             Requested size: 201.25137pt x 132.99654pt.
Package epstopdf Info: Source file: <Imagenes/Histograma5.eps>
(epstopdf)                    date: 2019-06-01 17:21:16
(epstopdf)                    size: 19720 bytes
(epstopdf)             Output file: <Imagenes/Histograma5-eps-converted-to.pdf>

(epstopdf)                    date: 2019-06-01 17:21:30
(epstopdf)                    size: 10767 bytes
(epstopdf)             Command: <epstopdf --outfile=Imagenes/Histograma5-eps-co
nverted-to.pdf Imagenes/Histograma5.eps>
(epstopdf)             \includegraphics on input line 122.
Package epstopdf Info: Output file is already uptodate.


pdfTeX warning: pdflatex (file ./Imagenes/Histograma5-eps-converted-to.pdf): PD
F inclusion: found PDF version <1.7>, but at most version <1.5> allowed
<Imagenes/Histograma5-eps-converted-to.pdf, id=33, 390.45876pt x 265.99374pt>
File: Imagenes/Histograma5-eps-converted-to.pdf Graphic file (type pdf)
<use Imagenes/Histograma5-eps-converted-to.pdf>
Package pdftex.def Info: Imagenes/Histograma5-eps-converted-to.pdf  used on inp
ut line 122.
(pdftex.def)             Requested size: 195.2289pt x 132.99654pt.

Underfull \hbox (badness 10000) in paragraph at lines 118--123
[][] []
 []


Underfull \hbox (badness 10000) in paragraph at lines 118--123
[] []
 []

[7] [8 <./Imagenes/Histograma1-eps-converted-to.pdf> <./Imagenes/Histograma2-ep
s-converted-to.pdf> <./Imagenes/Histograma3-eps-converted-to.pdf> <./Imagenes/H
istograma4-eps-converted-to.pdf> <./Imagenes/Histograma5-eps-converted-to.pdf>]
(Scatterplot.py) [9]
Package epstopdf Info: Source file: <Imagenes/Fig2.eps>
(epstopdf)                    date: 2019-06-01 17:58:01
(epstopdf)                    size: 32845 bytes
(epstopdf)             Output file: <Imagenes/Fig2-eps-converted-to.pdf>
(epstopdf)                    date: 2019-06-01 17:58:21
(epstopdf)                    size: 17319 bytes
(epstopdf)             Command: <epstopdf --outfile=Imagenes/Fig2-eps-converted
-to.pdf Imagenes/Fig2.eps>
(epstopdf)             \includegraphics on input line 138.
Package epstopdf Info: Output file is already uptodate.


pdfTeX warning: pdflatex (file ./Imagenes/Fig2-eps-converted-to.pdf): PDF inclu
sion: found PDF version <1.7>, but at most version <1.5> allowed
<Imagenes/Fig2-eps-converted-to.pdf, id=186, 722.7pt x 722.7pt>
File: Imagenes/Fig2-eps-converted-to.pdf Graphic file (type pdf)
<use Imagenes/Fig2-eps-converted-to.pdf>
Package pdftex.def Info: Imagenes/Fig2-eps-converted-to.pdf  used on input line
 138.
(pdftex.def)             Requested size: 433.62334pt x 433.62334pt.
(Scatterplot.py [10 <./Imagenes/Fig2-eps-converted-to.pdf>]) [11]
Package epstopdf Info: Source file: <Imagenes/Fig3.eps>
(epstopdf)                    date: 2019-06-01 17:58:02
(epstopdf)                    size: 35204 bytes
(epstopdf)             Output file: <Imagenes/Fig3-eps-converted-to.pdf>
(epstopdf)                    date: 2019-06-01 17:58:21
(epstopdf)                    size: 18973 bytes
(epstopdf)             Command: <epstopdf --outfile=Imagenes/Fig3-eps-converted
-to.pdf Imagenes/Fig3.eps>
(epstopdf)             \includegraphics on input line 151.
Package epstopdf Info: Output file is already uptodate.


pdfTeX warning: pdflatex (file ./Imagenes/Fig3-eps-converted-to.pdf): PDF inclu
sion: found PDF version <1.7>, but at most version <1.5> allowed
<Imagenes/Fig3-eps-converted-to.pdf, id=233, 722.7pt x 722.7pt>
File: Imagenes/Fig3-eps-converted-to.pdf Graphic file (type pdf)
<use Imagenes/Fig3-eps-converted-to.pdf>
Package pdftex.def Info: Imagenes/Fig3-eps-converted-to.pdf  used on input line
 151.
(pdftex.def)             Requested size: 433.62334pt x 433.62334pt.
[12 <./Imagenes/Fig3-eps-converted-to.pdf>] ("Tarea 3_Rectificada.bbl"
LaTeX Font Info:    External font `cmex10' loaded for size
(Font)              <7> on input line 11.

Underfull \hbox (badness 10000) in paragraph at lines 9--14
\OT1/cmtt/m/n/10 networkx-[]1 . 10 / reference / generated / networkx . algorit
hms . centrality . betweenness _
 []


Underfull \hbox (badness 10000) in paragraph at lines 16--21
\OT1/cmtt/m/n/10 networkx-[]1 . 10 / _modules / networkx / algorithms / central
ity / betweenness . html .
 []


Underfull \hbox (badness 10000) in paragraph at lines 23--28
[]\OT1/cmr/m/n/10 Desarrolladores Net-workX.  $\OT1/cmtt/m/n/10 https : / / net
workx . github . io / documentation /
 []


Underfull \hbox (badness 10000) in paragraph at lines 23--28
\OT1/cmtt/m/n/10 networkx-[]1 . 10 / _modules / networkx / algorithms / colorin
g / greedy _ coloring . html # greedy _
 []


Underfull \hbox (badness 10000) in paragraph at lines 30--35
[]\OT1/cmr/m/n/10 Desarrolladores Net-workX.  $\OT1/cmtt/m/n/10 https : / / net
workx . github . io / documentation /
 []


Underfull \hbox (badness 10000) in paragraph at lines 30--35
\OT1/cmtt/m/n/10 networkx-[]1 . 10 / reference / generated / networkx . algorit
hms . flow . maximum _ flow . html$\OT1/cmr/m/n/10 ,
 []


Underfull \hbox (badness 10000) in paragraph at lines 37--42
[]\OT1/cmr/m/n/10 Desarrolladores Net-workX.  $\OT1/cmtt/m/n/10 https : / / net
workx . github . io / documentation /
 []


Underfull \hbox (badness 10000) in paragraph at lines 37--42
\OT1/cmtt/m/n/10 networkx-[]1 . 10 / reference / generated / networkx . algorit
hms . mst . minimum _ spanning _ tree .
 []

) [13] ("Tarea 3_Rectificada.aux"
LaTeX Info: Redefining \. on input line 6.
LaTeX Info: Redefining \% on input line 6.
) ) 
Here is how much of TeX's memory you used:
 5234 strings out of 492946
 73448 string characters out of 3135527
 631537 words of memory out of 3000000
 9030 multiletter control sequences out of 15000+200000
 8453 words of font info for 30 fonts, out of 3000000 for 9000
 1141 hyphenation exceptions out of 8191
 41i,8n,43p,1136b,1807s stack positions out of 5000i,500n,10000p,200000b,50000s
<C:/Program Files/MiKTeX 2.9/fonts/type1/public/amsfonts/cm/cmbx12.pfb><C:/P
rogram Files/MiKTeX 2.9/fonts/type1/public/amsfonts/cm/cmmi8.pfb><C:/Program Fi
les/MiKTeX 2.9/fonts/type1/public/amsfonts/cm/cmr10.pfb><C:/Program Files/MiKTe
X 2.9/fonts/type1/public/amsfonts/cm/cmr12.pfb><C:/Program Files/MiKTeX 2.9/fon
ts/type1/public/amsfonts/cm/cmr17.pfb><C:/Program Files/MiKTeX 2.9/fonts/type1/
public/amsfonts/cm/cmr5.pfb><C:/Program Files/MiKTeX 2.9/fonts/type1/public/ams
fonts/cm/cmr8.pfb><C:/Program Files/MiKTeX 2.9/fonts/type1/public/amsfonts/cm/c
msy8.pfb><C:/Program Files/MiKTeX 2.9/fonts/type1/public/amsfonts/cm/cmti10.pfb
><C:/Program Files/MiKTeX 2.9/fonts/type1/public/amsfonts/cm/cmti8.pfb><C:/Prog
ram Files/MiKTeX 2.9/fonts/type1/public/amsfonts/cm/cmtt10.pfb>
Output written on "Tarea 3_Rectificada.pdf" (13 pages, 266761 bytes).
PDF statistics:
 320 PDF objects out of 1000 (max. 8388607)
 0 named destinations out of 1000 (max. 500000)
 36 words of extra memory for PDF output out of 10000 (max. 10000000)

