This is pdfTeX, Version 3.14159265-2.6-1.40.19 (MiKTeX 2.9.6930 64-bit) (preloaded format=pdflatex 2019.1.29)  2 APR 2019 11:47
entering extended mode
**"./Tarea 4_Dayli.tex"
("Tarea 4_Dayli.tex"
LaTeX2e <2018-12-01>
("C:\Program Files\MiKTeX 2.9\tex/latex/base\article.cls"
Document Class: article 2018/09/03 v1.4i Standard LaTeX document class
("C:\Program Files\MiKTeX 2.9\tex/latex/base\size10.clo"
File: size10.clo 2018/09/03 v1.4i Standard LaTeX file (size option)
)
\c@part=\count80
\c@section=\count81
\c@subsection=\count82
\c@subsubsection=\count83
\c@paragraph=\count84
\c@subparagraph=\count85
\c@figure=\count86
\c@table=\count87
\abovecaptionskip=\skip41
\belowcaptionskip=\skip42
\bibindent=\dimen102
)
("C:\Program Files\MiKTeX 2.9\tex/generic/babel\babel.sty"
Package: babel 2018/11/13 3.27 The Babel package

("C:\Program Files\MiKTeX 2.9\tex/generic/babel\switch.def"
File: switch.def 2018/11/13 3.27 Babel switching mechanism
)
*************************************
* Local config file bblopts.cfg used
*
("C:\Program Files\MiKTeX 2.9\tex/latex/arabi\bblopts.cfg"
File: bblopts.cfg 2005/09/08 v0.1 add Arabic and Farsi to "declared" options of
 babel
)
("C:\Program Files\MiKTeX 2.9\tex/latex/babel-spanish\spanish.ldf"
Language: spanish.ldf 2016/03/03 v5.0p Spanish support from the babel system

("C:\Program Files\MiKTeX 2.9\tex/generic/babel\babel.def"
File: babel.def 2018/11/13 3.27 Babel common definitions
\babel@savecnt=\count88
\U@D=\dimen103

("C:\Program Files\MiKTeX 2.9\tex/generic/babel\txtbabel.def")
\bbl@dirlevel=\count89
)
\es@quottoks=\toks14
\es@quotdepth=\count90
Package babel Info: Making " an active character on input line 561.
Package babel Info: Making . an active character on input line 662.
Package babel Info: Making < an active character on input line 707.
Package babel Info: Making > an active character on input line 707.
))
("C:\Program Files\MiKTeX 2.9\tex/latex/graphics\graphicx.sty"
Package: graphicx 2017/06/01 v1.1a Enhanced LaTeX Graphics (DPC,SPQR)

("C:\Program Files\MiKTeX 2.9\tex/latex/graphics\keyval.sty"
Package: keyval 2014/10/28 v1.15 key=value parser (DPC)
\KV@toks@=\toks15
)
("C:\Program Files\MiKTeX 2.9\tex/latex/graphics\graphics.sty"
Package: graphics 2017/06/25 v1.2c Standard LaTeX Graphics (DPC,SPQR)

("C:\Program Files\MiKTeX 2.9\tex/latex/graphics\trig.sty"
Package: trig 2016/01/03 v1.10 sin cos tan (DPC)
)
("C:\Program Files\MiKTeX 2.9\tex/latex/graphics-cfg\graphics.cfg"
File: graphics.cfg 2016/06/04 v1.11 sample graphics configuration
)
Package graphics Info: Driver file: pdftex.def on input line 99.

("C:\Program Files\MiKTeX 2.9\tex/latex/graphics-def\pdftex.def"
File: pdftex.def 2018/01/08 v1.0l Graphics/color driver for pdftex
))
\Gin@req@height=\dimen104
\Gin@req@width=\dimen105
)
(C:\Users\lapi7\AppData\Roaming\MiKTeX\2.9\tex/latex/listings\listings.sty
\lst@mode=\count91
\lst@gtempboxa=\box27
\lst@token=\toks16
\lst@length=\count92
\lst@currlwidth=\dimen106
\lst@column=\count93
\lst@pos=\count94
\lst@lostspace=\dimen107
\lst@width=\dimen108
\lst@newlines=\count95
\lst@lineno=\count96
\lst@maxwidth=\dimen109

(C:\Users\lapi7\AppData\Roaming\MiKTeX\2.9\tex/latex/listings\lstmisc.sty
File: lstmisc.sty 2018/09/02 1.7 (Carsten Heinz)
\c@lstnumber=\count97
\lst@skipnumbers=\count98
\lst@framebox=\box28
)
(C:\Users\lapi7\AppData\Roaming\MiKTeX\2.9\tex/latex/listings\listings.cfg
File: listings.cfg 2018/09/02 1.7 listings configuration
))
Package: listings 2018/09/02 1.7 (Carsten Heinz)

(C:\Users\lapi7\AppData\Roaming\MiKTeX\2.9\tex/latex/natbib\natbib.sty
Package: natbib 2010/09/13 8.31b (PWD, AO)
\bibhang=\skip43
\bibsep=\skip44
LaTeX Info: Redefining \cite on input line 694.
\c@NAT@ctr=\count99
)
("C:\Program Files\MiKTeX 2.9\tex/latex/graphics\color.sty"
Package: color 2016/07/10 v1.1e Standard LaTeX Color (DPC)

("C:\Program Files\MiKTeX 2.9\tex/latex/graphics-cfg\color.cfg"
File: color.cfg 2016/01/02 v1.6 sample color configuration
)
Package color Info: Driver file: pdftex.def on input line 147.
)
(C:\Users\lapi7\AppData\Roaming\MiKTeX\2.9\tex/latex/booktabs\booktabs.sty
Package: booktabs 2005/04/14 v1.61803 publication quality tables
\heavyrulewidth=\dimen110
\lightrulewidth=\dimen111
\cmidrulewidth=\dimen112
\belowrulesep=\dimen113
\belowbottomsep=\dimen114
\aboverulesep=\dimen115
\abovetopsep=\dimen116
\cmidrulesep=\dimen117
\cmidrulekern=\dimen118
\defaultaddspace=\dimen119
\@cmidla=\count100
\@cmidlb=\count101
\@aboverulesep=\dimen120
\@belowrulesep=\dimen121
\@thisruleclass=\count102
\@lastruleclass=\count103
\@thisrulewidth=\dimen122
)
(C:\Users\lapi7\AppData\Roaming\MiKTeX\2.9\tex/latex/caption\subcaption.sty
Package: subcaption 2018/05/01 v1.1-162 Sub-captions (AR)

(C:\Users\lapi7\AppData\Roaming\MiKTeX\2.9\tex/latex/caption\caption.sty
Package: caption 2018/10/06 v3.3-154 Customizing captions (AR)

(C:\Users\lapi7\AppData\Roaming\MiKTeX\2.9\tex/latex/caption\caption3.sty
Package: caption3 2018/09/12 v1.8c caption3 kernel (AR)
Package caption3 Info: TeX engine: e-TeX on input line 64.
\captionmargin=\dimen123
\captionmargin@=\dimen124
\captionwidth=\dimen125
\caption@tempdima=\dimen126
\caption@indent=\dimen127
\caption@parindent=\dimen128
\caption@hangindent=\dimen129
)
\c@caption@flags=\count104
\c@ContinuedFloat=\count105
Package caption Info: listings package is loaded.
)
\c@subfigure=\count106
\c@subtable=\count107
)
(C:\Users\lapi7\AppData\Roaming\MiKTeX\2.9\tex/latex/wasysym\wasysym.sty
Package: wasysym 2003/10/30 v2.0 Wasy-2 symbol support package
\symwasy=\mathgroup4
LaTeX Font Info:    Overwriting symbol font `wasy' in version `bold'
(Font)                  U/wasy/m/n --> U/wasy/b/n on input line 90.
)
(C:\Users\lapi7\AppData\Roaming\MiKTeX\2.9\tex/latex/url\url.sty
\Urlmuskip=\muskip10
Package: url 2013/09/16  ver 3.4  Verb mode for urls, etc.
)
("C:\Program Files\MiKTeX 2.9\tex/latex/geometry\geometry.sty"
Package: geometry 2018/04/16 v5.8 Page Geometry

("C:\Program Files\MiKTeX 2.9\tex/generic/oberdiek\ifpdf.sty"
Package: ifpdf 2018/09/07 v3.3 Provides the ifpdf switch
)
("C:\Program Files\MiKTeX 2.9\tex/generic/oberdiek\ifvtex.sty"
Package: ifvtex 2016/05/16 v1.6 Detect VTeX and its facilities (HO)
Package ifvtex Info: VTeX not detected.
)
("C:\Program Files\MiKTeX 2.9\tex/generic/ifxetex\ifxetex.sty"
Package: ifxetex 2010/09/12 v0.6 Provides ifxetex conditional
)
\Gm@cnth=\count108
\Gm@cntv=\count109
\c@Gm@tempcnt=\count110
\Gm@bindingoffset=\dimen130
\Gm@wd@mp=\dimen131
\Gm@odd@mp=\dimen132
\Gm@even@mp=\dimen133
\Gm@layoutwidth=\dimen134
\Gm@layoutheight=\dimen135
\Gm@layouthoffset=\dimen136
\Gm@layoutvoffset=\dimen137
\Gm@dimlist=\toks17

("C:\Program Files\MiKTeX 2.9\tex/latex/geometry\geometry.cfg"))
(C:\Users\lapi7\AppData\Roaming\MiKTeX\2.9\tex/latex/listings\lstlang1.sty
File: lstlang1.sty 2018/09/02 1.7 listings language file
)
("Tarea 4_Dayli.aux"
LaTeX Info: Redefining \. on input line 8.
LaTeX Info: Redefining \% on input line 8.


LaTeX Warning: Label `tab:addlabel' multiply defined.


LaTeX Warning: Label `tab:addlabel' multiply defined.


LaTeX Warning: Label `tab:addlabel' multiply defined.


LaTeX Warning: Label `tab:addlabel' multiply defined.


LaTeX Warning: Label `tab:addlabel' multiply defined.


LaTeX Warning: Label `tab:addlabel' multiply defined.


LaTeX Warning: Label `tab:addlabel' multiply defined.


LaTeX Warning: Label `tab:addlabel' multiply defined.


LaTeX Warning: Label `tab:addlabel' multiply defined.

)
\openout1 = `"Tarea 4_Dayli.aux"'.

LaTeX Font Info:    Checking defaults for OML/cmm/m/it on input line 64.
LaTeX Font Info:    ... okay on input line 64.
LaTeX Font Info:    Checking defaults for T1/cmr/m/n on input line 64.
LaTeX Font Info:    ... okay on input line 64.
LaTeX Font Info:    Checking defaults for OT1/cmr/m/n on input line 64.
LaTeX Font Info:    ... okay on input line 64.
LaTeX Font Info:    Checking defaults for OMS/cmsy/m/n on input line 64.
LaTeX Font Info:    ... okay on input line 64.
LaTeX Font Info:    Checking defaults for OMX/cmex/m/n on input line 64.
LaTeX Font Info:    ... okay on input line 64.
LaTeX Font Info:    Checking defaults for U/cmr/m/n on input line 64.
LaTeX Font Info:    ... okay on input line 64.
LaTeX Info: Redefining \. on input line 64.
LaTeX Info: Redefining \% on input line 64.
 (C:\Users\lapi7\AppData\Roaming\MiKTeX\2.9\tex/context/base\supp-pdf.mkii
[Loading MPS to PDF converter (version 2006.09.02).]
\scratchcounter=\count111
\scratchdimen=\dimen138
\scratchbox=\box29
\nofMPsegments=\count112
\nofMParguments=\count113
\everyMPshowfont=\toks18
\MPscratchCnt=\count114
\MPscratchDim=\dimen139
\MPnumerator=\count115
\makeMPintoPDFobject=\count116
\everyMPtoPDFconversion=\toks19
) ("C:\Program Files\MiKTeX 2.9\tex/latex/oberdiek\epstopdf-base.sty"
Package: epstopdf-base 2016/05/15 v2.6 Base part for package epstopdf

("C:\Program Files\MiKTeX 2.9\tex/generic/oberdiek\infwarerr.sty"
Package: infwarerr 2016/05/16 v1.4 Providing info/warning/error messages (HO)
)
("C:\Program Files\MiKTeX 2.9\tex/latex/oberdiek\grfext.sty"
Package: grfext 2016/05/16 v1.2 Manage graphics extensions (HO)

("C:\Program Files\MiKTeX 2.9\tex/generic/oberdiek\kvdefinekeys.sty"
Package: kvdefinekeys 2016/05/16 v1.4 Define keys (HO)

("C:\Program Files\MiKTeX 2.9\tex/generic/oberdiek\ltxcmds.sty"
Package: ltxcmds 2016/05/16 v1.23 LaTeX kernel commands for general use (HO)
)))
("C:\Program Files\MiKTeX 2.9\tex/latex/oberdiek\kvoptions.sty"
Package: kvoptions 2016/05/16 v3.12 Key value format for package options (HO)

("C:\Program Files\MiKTeX 2.9\tex/generic/oberdiek\kvsetkeys.sty"
Package: kvsetkeys 2016/05/16 v1.17 Key value parser (HO)

("C:\Program Files\MiKTeX 2.9\tex/generic/oberdiek\etexcmds.sty"
Package: etexcmds 2016/05/16 v1.6 Avoid name clashes with e-TeX commands (HO)

("C:\Program Files\MiKTeX 2.9\tex/generic/oberdiek\ifluatex.sty"
Package: ifluatex 2016/05/16 v1.4 Provides the ifluatex switch (HO)
Package ifluatex Info: LuaTeX not detected.
))))
("C:\Program Files\MiKTeX 2.9\tex/generic/oberdiek\pdftexcmds.sty"
Package: pdftexcmds 2018/09/10 v0.29 Utility functions of pdfTeX for LuaTeX (HO
)
Package pdftexcmds Info: LuaTeX not detected.
Package pdftexcmds Info: \pdf@primitive is available.
Package pdftexcmds Info: \pdf@ifprimitive is available.
Package pdftexcmds Info: \pdfdraftmode found.
)
Package epstopdf-base Info: Redefining graphics rule for `.eps' on input line 4
38.
Package grfext Info: Graphics extension search list:
(grfext)             [.pdf,.png,.jpg,.mps,.jpeg,.jbig2,.jb2,.PDF,.PNG,.JPG,.JPE
G,.JBIG2,.JB2,.eps]
(grfext)             \AppendGraphicsExtensions on input line 456.
)
\c@lstlisting=\count117
Package caption Info: Begin \AtBeginDocument code.
Package caption Info: End \AtBeginDocument code.

*geometry* driver: auto-detecting
*geometry* detected driver: pdftex
*geometry* verbose mode - [ preamble ] result:
* driver: pdftex
* paper: <default>
* layout: <same size as paper>
* layoutoffset:(h,v)=(0.0pt,0.0pt)
* modes: 
* h-part:(L,W,R)=(92.14519pt, 430.00462pt, 92.14519pt)
* v-part:(T,H,B)=(95.39737pt, 556.47656pt, 143.09605pt)
* \paperwidth=614.295pt
* \paperheight=794.96999pt
* \textwidth=430.00462pt
* \textheight=556.47656pt
* \oddsidemargin=19.8752pt
* \evensidemargin=19.8752pt
* \topmargin=-13.87262pt
* \headheight=12.0pt
* \headsep=25.0pt
* \topskip=10.0pt
* \footskip=30.0pt
* \marginparwidth=65.0pt
* \marginparsep=11.0pt
* \columnsep=10.0pt
* \skip\footins=9.0pt plus 4.0pt minus 2.0pt
* \hoffset=0.0pt
* \voffset=0.0pt
* \mag=1000
* \@twocolumnfalse
* \@twosidefalse
* \@mparswitchfalse
* \@reversemarginfalse
* (1in=72.27pt=25.4mm, 1cm=28.453pt)

LaTeX Font Info:    External font `cmex10' loaded for size
(Font)              <12> on input line 69.
LaTeX Font Info:    External font `cmex10' loaded for size
(Font)              <8> on input line 69.
LaTeX Font Info:    External font `cmex10' loaded for size
(Font)              <6> on input line 69.
LaTeX Font Info:    Try loading font information for U+wasy on input line 69.
(C:\Users\lapi7\AppData\Roaming\MiKTeX\2.9\tex/latex/wasysym\uwasy.fd
File: uwasy.fd 2003/10/30 v2.0 Wasy-2 symbol font definitions
) [1

{C:/Users/lapi7/AppData/Local/MiKTeX/2.9/pdftex/config/pdftex.map}] [2]
(C:\Users\lapi7\AppData\Roaming\MiKTeX\2.9\tex/latex/listings\lstlang1.sty
File: lstlang1.sty 2018/09/02 1.7 listings language file
)
(Tarea4csvfinal.py
LaTeX Font Info:    Try loading font information for OMS+cmr on input line 12.
 ("C:\Program Files\MiKTeX 2.9\tex/latex/base\omscmr.fd"
File: omscmr.fd 2014/09/29 v2.5h Standard LaTeX font definitions
)
LaTeX Font Info:    Font shape `OMS/cmr/m/n' in size <8> not available
(Font)              Font shape `OMS/cmsy/m/n' tried instead on input line 12.
)
(Tarea4csvfinal.py) (Tarea4csvfinal.py
LaTeX Font Info:    External font `cmex10' loaded for size
(Font)              <5> on input line 70.
) [3] (Tarea4csvfinal.py)
Package epstopdf Info: Source file: <Imagenes/Histogramadensidad.eps>
(epstopdf)                    date: 2019-04-02 02:21:43
(epstopdf)                    size: 27437 bytes
(epstopdf)             Output file: <Imagenes/Histogramadensidad-eps-converted-
to.pdf>
(epstopdf)                    date: 2019-04-02 02:34:11
(epstopdf)                    size: 14368 bytes
(epstopdf)             Command: <epstopdf --outfile=Imagenes/Histogramadensidad
-eps-converted-to.pdf Imagenes/Histogramadensidad.eps>
(epstopdf)             \includegraphics on input line 126.
Package epstopdf Info: Output file is already uptodate.


pdfTeX warning: pdflatex (file ./Imagenes/Histogramadensidad-eps-converted-to.p
df): PDF inclusion: found PDF version <1.7>, but at most version <1.5> allowed
<Imagenes/Histogramadensidad-eps-converted-to.pdf, id=19, 433.62pt x 289.08pt>
File: Imagenes/Histogramadensidad-eps-converted-to.pdf Graphic file (type pdf)
<use Imagenes/Histogramadensidad-eps-converted-to.pdf>
Package pdftex.def Info: Imagenes/Histogramadensidad-eps-converted-to.pdf  used
 on input line 126.
(pdftex.def)             Requested size: 260.17401pt x 173.44933pt.
LaTeX Font Info:    External font `cmex10' loaded for size
(Font)              <7> on input line 137.
[4] [5 <./Imagenes/Histogramadensidad-eps-converted-to.pdf>]
Package epstopdf Info: Source file: <Imagenes/aboxplotalgoritmoflujo.eps>
(epstopdf)                    date: 2019-04-01 21:13:04
(epstopdf)                    size: 29263 bytes
(epstopdf)             Output file: <Imagenes/aboxplotalgoritmoflujo-eps-conver
ted-to.pdf>
(epstopdf)                    date: 2019-04-01 22:04:19
(epstopdf)                    size: 16510 bytes
(epstopdf)             Command: <epstopdf --outfile=Imagenes/aboxplotalgoritmof
lujo-eps-converted-to.pdf Imagenes/aboxplotalgoritmoflujo.eps>
(epstopdf)             \includegraphics on input line 216.
Package epstopdf Info: Output file is already uptodate.


pdfTeX warning: pdflatex (file ./Imagenes/aboxplotalgoritmoflujo-eps-converted-
to.pdf): PDF inclusion: found PDF version <1.7>, but at most version <1.5> allo
wed
<Imagenes/aboxplotalgoritmoflujo-eps-converted-to.pdf, id=60, 478.78876pt x 274
.02374pt>
File: Imagenes/aboxplotalgoritmoflujo-eps-converted-to.pdf Graphic file (type p
df)
<use Imagenes/aboxplotalgoritmoflujo-eps-converted-to.pdf>
Package pdftex.def Info: Imagenes/aboxplotalgoritmoflujo-eps-converted-to.pdf  
used on input line 216.
(pdftex.def)             Requested size: 193.50075pt x 110.74486pt.
Package epstopdf Info: Source file: <Imagenes/aboxplotconvlogdensidad.eps>
(epstopdf)                    date: 2019-04-02 02:21:45
(epstopdf)                    size: 35006 bytes
(epstopdf)             Output file: <Imagenes/aboxplotconvlogdensidad-eps-conve
rted-to.pdf>
(epstopdf)                    date: 2019-04-02 02:34:11
(epstopdf)                    size: 19886 bytes
(epstopdf)             Command: <epstopdf --outfile=Imagenes/aboxplotconvlogden
sidad-eps-converted-to.pdf Imagenes/aboxplotconvlogdensidad.eps>
(epstopdf)             \includegraphics on input line 222.
Package epstopdf Info: Output file is already uptodate.


pdfTeX warning: pdflatex (file ./Imagenes/aboxplotconvlogdensidad-eps-converted
-to.pdf): PDF inclusion: found PDF version <1.7>, but at most version <1.5> all
owed
<Imagenes/aboxplotconvlogdensidad-eps-converted-to.pdf, id=61, 634.37pt x 390.4
5876pt>
File: Imagenes/aboxplotconvlogdensidad-eps-converted-to.pdf Graphic file (type 
pdf)
<use Imagenes/aboxplotconvlogdensidad-eps-converted-to.pdf>
Package pdftex.def Info: Imagenes/aboxplotconvlogdensidad-eps-converted-to.pdf 
 used on input line 222.
(pdftex.def)             Requested size: 193.50075pt x 119.09868pt.
Package epstopdf Info: Source file: <Imagenes/aboxplotgenerador.eps>
(epstopdf)                    date: 2019-04-02 02:21:44
(epstopdf)                    size: 28336 bytes
(epstopdf)             Output file: <Imagenes/aboxplotgenerador-eps-converted-t
o.pdf>
(epstopdf)                    date: 2019-04-02 02:34:12
(epstopdf)                    size: 14619 bytes
(epstopdf)             Command: <epstopdf --outfile=Imagenes/aboxplotgenerador-
eps-converted-to.pdf Imagenes/aboxplotgenerador.eps>
(epstopdf)             \includegraphics on input line 228.
Package epstopdf Info: Output file is already uptodate.


pdfTeX warning: pdflatex (file ./Imagenes/aboxplotgenerador-eps-converted-to.pd
f): PDF inclusion: found PDF version <1.7>, but at most version <1.5> allowed
<Imagenes/aboxplotgenerador-eps-converted-to.pdf, id=62, 654.445pt x 601.24625p
t>
File: Imagenes/aboxplotgenerador-eps-converted-to.pdf Graphic file (type pdf)
<use Imagenes/aboxplotgenerador-eps-converted-to.pdf>
Package pdftex.def Info: Imagenes/aboxplotgenerador-eps-converted-to.pdf  used 
on input line 228.
(pdftex.def)             Requested size: 193.50075pt x 177.76976pt.
Package epstopdf Info: Source file: <Imagenes/aboxplotvertices.eps>
(epstopdf)                    date: 2019-04-02 02:21:44
(epstopdf)                    size: 33875 bytes
(epstopdf)             Output file: <Imagenes/aboxplotvertices-eps-converted-to
.pdf>
(epstopdf)                    date: 2019-04-02 02:34:12
(epstopdf)                    size: 18186 bytes
(epstopdf)             Command: <epstopdf --outfile=Imagenes/aboxplotvertices-e
ps-converted-to.pdf Imagenes/aboxplotvertices.eps>
(epstopdf)             \includegraphics on input line 234.
Package epstopdf Info: Output file is already uptodate.


pdfTeX warning: pdflatex (file ./Imagenes/aboxplotvertices-eps-converted-to.pdf
): PDF inclusion: found PDF version <1.7>, but at most version <1.5> allowed
<Imagenes/aboxplotvertices-eps-converted-to.pdf, id=63, 628.3475pt x 390.45876p
t>
File: Imagenes/aboxplotvertices-eps-converted-to.pdf Graphic file (type pdf)
<use Imagenes/aboxplotvertices-eps-converted-to.pdf>
Package pdftex.def Info: Imagenes/aboxplotvertices-eps-converted-to.pdf  used o
n input line 234.
(pdftex.def)             Requested size: 193.50075pt x 120.2426pt.

LaTeX Warning: Float too large for page by 64.37933pt on input line 241.


Overfull \hbox (87.3581pt too wide) in paragraph at lines 287--300
 [][][] 
 []

[6] [7 <./Imagenes/aboxplotalgoritmoflujo-eps-converted-to.pdf> <./Imagenes/abo
xplotconvlogdensidad-eps-converted-to.pdf> <./Imagenes/aboxplotgenerador-eps-co
nverted-to.pdf> <./Imagenes/aboxplotvertices-eps-converted-to.pdf>]
Package epstopdf Info: Source file: <Imagenes/tablatukeyalgoritmoflujo.eps>
(epstopdf)                    date: 2019-04-01 21:13:04
(epstopdf)                    size: 32213 bytes
(epstopdf)             Output file: <Imagenes/tablatukeyalgoritmoflujo-eps-conv
erted-to.pdf>
(epstopdf)                    date: 2019-04-02 01:21:34
(epstopdf)                    size: 18328 bytes
(epstopdf)             Command: <epstopdf --outfile=Imagenes/tablatukeyalgoritm
oflujo-eps-converted-to.pdf Imagenes/tablatukeyalgoritmoflujo.eps>
(epstopdf)             \includegraphics on input line 333.
Package epstopdf Info: Output file is already uptodate.


pdfTeX warning: pdflatex (file ./Imagenes/tablatukeyalgoritmoflujo-eps-converte
d-to.pdf): PDF inclusion: found PDF version <1.7>, but at most version <1.5> al
lowed
<Imagenes/tablatukeyalgoritmoflujo-eps-converted-to.pdf, id=217, 702.625pt x 39
0.45876pt>
File: Imagenes/tablatukeyalgoritmoflujo-eps-converted-to.pdf Graphic file (type
 pdf)
<use Imagenes/tablatukeyalgoritmoflujo-eps-converted-to.pdf>
Package pdftex.def Info: Imagenes/tablatukeyalgoritmoflujo-eps-converted-to.pdf
  used on input line 333.
(pdftex.def)             Requested size: 193.50075pt x 107.52841pt.
Package epstopdf Info: Source file: <Imagenes/tablatukeyconvlogdensidad.eps>
(epstopdf)                    date: 2019-04-02 02:21:45
(epstopdf)                    size: 29763 bytes
(epstopdf)             Output file: <Imagenes/tablatukeyconvlogdensidad-eps-con
verted-to.pdf>
(epstopdf)                    date: 2019-04-02 02:34:12
(epstopdf)                    size: 17940 bytes
(epstopdf)             Command: <epstopdf --outfile=Imagenes/tablatukeyconvlogd
ensidad-eps-converted-to.pdf Imagenes/tablatukeyconvlogdensidad.eps>
(epstopdf)             \includegraphics on input line 339.
Package epstopdf Info: Output file is already uptodate.


pdfTeX warning: pdflatex (file ./Imagenes/tablatukeyconvlogdensidad-eps-convert
ed-to.pdf): PDF inclusion: found PDF version <1.7>, but at most version <1.5> a
llowed
<Imagenes/tablatukeyconvlogdensidad-eps-converted-to.pdf, id=218, 634.37pt x 39
0.45876pt>
File: Imagenes/tablatukeyconvlogdensidad-eps-converted-to.pdf Graphic file (typ
e pdf)
<use Imagenes/tablatukeyconvlogdensidad-eps-converted-to.pdf>
Package pdftex.def Info: Imagenes/tablatukeyconvlogdensidad-eps-converted-to.pd
f  used on input line 339.
(pdftex.def)             Requested size: 193.50075pt x 119.09868pt.
Package epstopdf Info: Source file: <Imagenes/tablatukeygenerador.eps>
(epstopdf)                    date: 2019-04-02 02:21:44
(epstopdf)                    size: 31845 bytes
(epstopdf)             Output file: <Imagenes/tablatukeygenerador-eps-converted
-to.pdf>
(epstopdf)                    date: 2019-04-02 02:34:13
(epstopdf)                    size: 17349 bytes
(epstopdf)             Command: <epstopdf --outfile=Imagenes/tablatukeygenerado
r-eps-converted-to.pdf Imagenes/tablatukeygenerador.eps>
(epstopdf)             \includegraphics on input line 345.
Package epstopdf Info: Output file is already uptodate.


pdfTeX warning: pdflatex (file ./Imagenes/tablatukeygenerador-eps-converted-to.
pdf): PDF inclusion: found PDF version <1.7>, but at most version <1.5> allowed

<Imagenes/tablatukeygenerador-eps-converted-to.pdf, id=219, 766.865pt x 390.458
76pt>
File: Imagenes/tablatukeygenerador-eps-converted-to.pdf Graphic file (type pdf)

<use Imagenes/tablatukeygenerador-eps-converted-to.pdf>
Package pdftex.def Info: Imagenes/tablatukeygenerador-eps-converted-to.pdf  use
d on input line 345.
(pdftex.def)             Requested size: 193.50075pt x 98.52005pt.
Package epstopdf Info: Source file: <Imagenes/tablatukeyvertices.eps>
(epstopdf)                    date: 2019-04-02 02:21:45
(epstopdf)                    size: 28793 bytes
(epstopdf)             Output file: <Imagenes/tablatukeyvertices-eps-converted-
to.pdf>
(epstopdf)                    date: 2019-04-02 02:34:13
(epstopdf)                    size: 17171 bytes
(epstopdf)             Command: <epstopdf --outfile=Imagenes/tablatukeyvertices
-eps-converted-to.pdf Imagenes/tablatukeyvertices.eps>
(epstopdf)             \includegraphics on input line 351.
Package epstopdf Info: Output file is already uptodate.


pdfTeX warning: pdflatex (file ./Imagenes/tablatukeyvertices-eps-converted-to.p
df): PDF inclusion: found PDF version <1.7>, but at most version <1.5> allowed
<Imagenes/tablatukeyvertices-eps-converted-to.pdf, id=220, 628.3475pt x 390.458
76pt>
File: Imagenes/tablatukeyvertices-eps-converted-to.pdf Graphic file (type pdf)
<use Imagenes/tablatukeyvertices-eps-converted-to.pdf>
Package pdftex.def Info: Imagenes/tablatukeyvertices-eps-converted-to.pdf  used
 on input line 351.
(pdftex.def)             Requested size: 193.50075pt x 120.2426pt.
[8] [9 <./Imagenes/tablatukeyalgoritmoflujo-eps-converted-to.pdf> <./Imagenes/t
ablatukeyconvlogdensidad-eps-converted-to.pdf> <./Imagenes/tablatukeygenerador-
eps-converted-to.pdf> <./Imagenes/tablatukeyvertices-eps-converted-to.pdf>]
(Tarea4Estadisticsfinal.py) (Tarea4Estadisticsfinal.py) [10]
(Tarea4Estadisticsfinal.py) ("Tarea 4_Dayli.bbl"
Underfull \hbox (badness 10000) in paragraph at lines 22--27
[]\OT1/cmr/m/n/10 Desarrolladores Net-workX.  $\OT1/cmtt/m/n/10 https : / / net
workx . github . io / documentation / stable /
 []


Underfull \hbox (badness 10000) in paragraph at lines 22--27
\OT1/cmtt/m/n/10 reference / algorithms / generated / networkx . algorithms . f
low . boykov _ kolmogorov . html$\OT1/cmr/m/n/10 ,
 []

[11]
Underfull \hbox (badness 10000) in paragraph at lines 29--34
\OT1/cmtt/m/n/10 reference / algorithms / generated / networkx . algorithms . f
low . edmonds _ karp . html$\OT1/cmr/m/n/10 , .
 []

) [12] ("Tarea 4_Dayli.aux"
LaTeX Info: Redefining \. on input line 8.
LaTeX Info: Redefining \% on input line 8.
)

LaTeX Warning: There were multiply-defined labels.

 ) 
Here is how much of TeX's memory you used:
 6720 strings out of 492946
 98068 string characters out of 3135527
 663067 words of memory out of 3000000
 10503 multiletter control sequences out of 15000+200000
 10746 words of font info for 39 fonts, out of 3000000 for 9000
 1141 hyphenation exceptions out of 8191
 42i,9n,43p,1450b,1464s stack positions out of 5000i,500n,10000p,200000b,50000s
<C:/Program Files/MiKTeX 2.9/fonts/type1/public/amsfonts/cm/cmbx10.pfb><C:/Pr
ogram Files/MiKTeX 2.9/fonts/type1/public/amsfonts/cm/cmbx12.pfb><C:/Program Fi
les/MiKTeX 2.9/fonts/type1/public/amsfonts/cm/cmbxti10.pfb><C:/Program Files/Mi
KTeX 2.9/fonts/type1/public/amsfonts/cm/cmr10.pfb><C:/Program Files/MiKTeX 2.9/
fonts/type1/public/amsfonts/cm/cmr12.pfb><C:/Program Files/MiKTeX 2.9/fonts/typ
e1/public/amsfonts/cm/cmr17.pfb><C:/Program Files/MiKTeX 2.9/fonts/type1/public
/amsfonts/cm/cmr5.pfb><C:/Program Files/MiKTeX 2.9/fonts/type1/public/amsfonts/
cm/cmr8.pfb><C:/Program Files/MiKTeX 2.9/fonts/type1/public/amsfonts/cm/cmr9.pf
b><C:/Program Files/MiKTeX 2.9/fonts/type1/public/amsfonts/cm/cmsy8.pfb><C:/Pro
gram Files/MiKTeX 2.9/fonts/type1/public/amsfonts/cm/cmti10.pfb><C:/Program Fil
es/MiKTeX 2.9/fonts/type1/public/amsfonts/cm/cmti9.pfb><C:/Program Files/MiKTeX
 2.9/fonts/type1/public/amsfonts/cm/cmtt10.pfb>
Output written on "Tarea 4_Dayli.pdf" (12 pages, 360184 bytes).
PDF statistics:
 444 PDF objects out of 1000 (max. 8388607)
 0 named destinations out of 1000 (max. 500000)
 46 words of extra memory for PDF output out of 10000 (max. 10000000)

